<?xml version="1.0" encoding="UTF-8"?>
<!-- Generated by org.testng.reporters.JUnitXMLReporter -->
<testsuite hostname="Basu" name="Application Testing" tests="4" failures="0" timestamp="10 Nov 2019 12:39:49 GMT" time="0.049" errors="0">
  <testcase name="testMethod1" time="0.001" classname="testclasses.TestNG_TestClass1"/>
  <testcase name="testMethod2" time="0.0" classname="testclasses.TestNG_TestClass1"/>
  <testcase name="testMethod1" time="0.001" classname="testclasses.TestNG_TestClass2"/>
  <testcase name="testMethod2" time="0.0" classname="testclasses.TestNG_TestClass2"/>
</testsuite> <!-- Application Testing -->
